2024-12-21 11:25:07DEBUG org.techhub.client.TaskManagementSystemApp main Main Thread started  
2024-12-21 11:25:08INFO org.techhub.respository.DBConfig main Database Connected Successfully 
2024-12-21 11:25:28INFO org.techhub.client.TaskManagementSystemApp main Login successful 
2024-12-21 11:27:14DEBUG org.techhub.client.TaskManagementSystemApp main Main Thread started  
2024-12-21 11:27:14INFO org.techhub.respository.DBConfig main Database Connected Successfully 
2024-12-21 11:27:39DEBUG org.techhub.client.TaskManagementSystemApp main Main Thread started  
2024-12-21 11:27:40INFO org.techhub.respository.DBConfig main Database Connected Successfully 
2024-12-21 11:27:48INFO org.techhub.client.TaskManagementSystemApp main Login successful 
2024-12-21 11:39:38DEBUG org.techhub.client.TaskManagementSystemApp main Main Thread started  
2024-12-21 11:39:38INFO org.techhub.respository.DBConfig main Database Connected Successfully 
2024-12-21 11:40:14INFO org.techhub.client.TaskManagementSystemApp main Login successful 
2024-12-21 12:00:18DEBUG org.techhub.client.TaskManagementSystemApp main Main Thread started  
2024-12-21 12:00:19INFO org.techhub.respository.DBConfig main Database Connected Successfully 
2024-12-21 12:00:36INFO org.techhub.client.TaskManagementSystemApp main Login successful 
2024-12-21 12:01:41INFO org.techhub.client.TaskManagementSystemApp main Employee registration successful 
2024-12-21 12:01:56INFO org.techhub.client.TaskManagementSystemApp main Login successful 
2024-12-21 12:28:42DEBUG org.techhub.client.TaskManagementSystemApp main Main Thread started  
2024-12-21 12:28:43INFO org.techhub.respository.DBConfig main Database Connected Successfully 
2024-12-21 12:28:53INFO org.techhub.client.TaskManagementSystemApp main Login successful 
2024-12-21 12:31:53DEBUG org.techhub.client.TaskManagementSystemApp main Main Thread started  
2024-12-21 12:31:54INFO org.techhub.respository.DBConfig main Database Connected Successfully 
2024-12-21 12:32:01INFO org.techhub.client.TaskManagementSystemApp main Login successful..... 
2024-12-21 12:34:09DEBUG org.techhub.client.TaskManagementSystemApp main Main Thread started  
2024-12-21 12:34:10INFO org.techhub.respository.DBConfig main Database Connected Successfully 
2024-12-21 12:34:20INFO org.techhub.client.TaskManagementSystemApp main Login successful..... 
2024-12-21 12:34:39DEBUG org.techhub.client.TaskManagementSystemApp main Main Thread started  
2024-12-21 12:34:40INFO org.techhub.respository.DBConfig main Database Connected Successfully 
2024-12-21 12:34:46INFO org.techhub.client.TaskManagementSystemApp main Login successful..... 
2024-12-21 12:47:45DEBUG org.techhub.client.TaskManagementSystemApp main Main Thread started  
2024-12-21 12:47:46INFO org.techhub.respository.DBConfig main Database Connected Successfully 
2024-12-21 12:47:54INFO org.techhub.client.TaskManagementSystemApp main Login successful..... 
2024-12-21 12:48:21DEBUG org.techhub.client.TaskManagementSystemApp main Main Thread started  
2024-12-21 12:48:22INFO org.techhub.respository.DBConfig main Database Connected Successfully 
2024-12-21 12:48:29INFO org.techhub.client.TaskManagementSystemApp main Login successful..... 
2024-12-21 12:51:49DEBUG org.techhub.client.TaskManagementSystemApp main Main Thread started  
2024-12-21 12:51:49INFO org.techhub.respository.DBConfig main Database Connected Successfully 
2024-12-21 12:51:57INFO org.techhub.client.TaskManagementSystemApp main Login successful..... 
2024-12-21 12:52:54DEBUG org.techhub.client.TaskManagementSystemApp main Main Thread started  
2024-12-21 12:52:55INFO org.techhub.respository.DBConfig main Database Connected Successfully 
2024-12-21 12:53:02INFO org.techhub.client.TaskManagementSystemApp main Login successful..... 
2024-12-21 13:48:51DEBUG org.techhub.client.TaskManagementSystemApp main Main Thread started  
2024-12-21 13:48:52INFO org.techhub.respository.DBConfig main Database Connected Successfully 
2024-12-21 13:49:00INFO org.techhub.client.TaskManagementSystemApp main Invalid credentials 
2024-12-21 13:55:30DEBUG org.techhub.client.TaskManagementSystemApp main Main Thread started  
2024-12-21 13:55:31INFO org.techhub.respository.DBConfig main Database Connected Successfully 
2024-12-21 13:58:50DEBUG org.techhub.client.TaskManagementSystemApp main Main Thread started  
2024-12-21 13:58:50INFO org.techhub.respository.DBConfig main Database Connected Successfully 
